--- leg 1 ---
  coxa: {'scale_src': 'A', 'stoneR_mm': 32.8, 'shaft_enclosed': False, 'proud_natural_mm': 39.4, 'proud_residual_mm': 19.7, 'proud_x_span': [0.0, 60.0], 'wall_min_mm': 1.5, 'wall_p5_mm': 2.1, 'wall_p50_mm': 3.0, 'solid_vol_cm3': np.float64(230.8), 'hollow_vol_cm3': np.float64(65.7)}
  femur: {'scale_src': 'A', 'stoneR_mm': 33.7, 'shaft_enclosed': False, 'proud_natural_mm': 32.4, 'proud_residual_mm': 4.2, 'proud_x_span': [60.0, 159.0], 'wall_min_mm': 1.5, 'wall_p5_mm': 3.0, 'wall_p50_mm': 3.0, 'solid_vol_cm3': np.float64(269.0), 'hollow_vol_cm3': np.float64(82.7)}
  tibia: {'scale_src': 'B', 'stoneR_mm': 46.2, 'shaft_enclosed': False, 'proud_natural_mm': 26.7, 'proud_residual_mm': 3.7, 'proud_x_span': [158.0, 298.0], 'wall_min_mm': 1.5, 'wall_p5_mm': 3.0, 'wall_p50_mm': 3.0, 'solid_vol_cm3': np.float64(459.3), 'hollow_vol_cm3': np.float64(126.6)}
--- leg 2 ---
  coxa: {'scale_src': 'A', 'stoneR_mm': 39.1, 'shaft_enclosed': False, 'proud_natural_mm': 36.1, 'proud_residual_mm': 14.5, 'proud_x_span': [0.0, 26.0], 'wall_min_mm': 1.5, 'wall_p5_mm': 1.5, 'wall_p50_mm': 3.0, 'solid_vol_cm3': np.float64(254.2), 'hollow_vol_cm3': np.float64(73.0)}
  femur: {'scale_src': 'A', 'stoneR_mm': 37.3, 'shaft_enclosed': False, 'proud_natural_mm': 22.3, 'proud_residual_mm': 2.1, 'proud_x_span': [68.0, 159.0], 'wall_min_mm': 1.5, 'wall_p5_mm': 3.0, 'wall_p50_mm': 3.0, 'solid_vol_cm3': np.float64(265.8), 'hollow_vol_cm3': np.float64(83.5)}
  tibia: {'scale_src': 'B', 'stoneR_mm': 49.2, 'shaft_enclosed': False, 'proud_natural_mm': 29.0, 'proud_residual_mm': 1.5, 'proud_x_span': [158.0, 302.0], 'wall_min_mm': 1.5, 'wall_p5_mm': 3.0, 'wall_p50_mm': 3.4, 'solid_vol_cm3': np.float64(472.5), 'hollow_vol_cm3': np.float64(135.7)}
--- leg 3 ---
  coxa: {'scale_src': 'A', 'stoneR_mm': 37.7, 'shaft_enclosed': False, 'proud_natural_mm': 44.8, 'proud_residual_mm': 21.7, 'proud_x_span': [0.0, 50.0], 'wall_min_mm': 1.5, 'wall_p5_mm': 2.1, 'wall_p50_mm': 3.0, 'solid_vol_cm3': np.float64(227.8), 'hollow_vol_cm3': np.float64(66.2)}
  femur: {'scale_src': 'A', 'stoneR_mm': 38.0, 'shaft_enclosed': False, 'proud_natural_mm': 24.8, 'proud_residual_mm': 3.0, 'proud_x_span': [158.0, 159.0], 'wall_min_mm': 1.5, 'wall_p5_mm': 3.0, 'wall_p50_mm': 3.0, 'solid_vol_cm3': np.float64(247.2), 'hollow_vol_cm3': np.float64(80.6)}
  tibia: {'scale_src': 'B', 'stoneR_mm': 50.4, 'shaft_enclosed': False, 'proud_natural_mm': 34.6, 'proud_residual_mm': 1.5, 'proud_x_span': [158.0, 158.0], 'wall_min_mm': 3.0, 'wall_p5_mm': 3.0, 'wall_p50_mm': 3.0, 'solid_vol_cm3': np.float64(509.6), 'hollow_vol_cm3': np.float64(147.6)}
--- leg 4 ---
  coxa: {'scale_src': 'A', 'stoneR_mm': 31.0, 'shaft_enclosed': False, 'proud_natural_mm': 45.8, 'proud_residual_mm': 21.1, 'proud_x_span': [0.0, 60.0], 'wall_min_mm': 1.5, 'wall_p5_mm': 2.1, 'wall_p50_mm': 3.0, 'solid_vol_cm3': np.float64(226.5), 'hollow_vol_cm3': np.float64(65.2)}
  femur: {'scale_src': 'A', 'stoneR_mm': 37.2, 'shaft_enclosed': False, 'proud_natural_mm': 30.4, 'proud_residual_mm': 4.7, 'proud_x_span': [60.0, 159.0], 'wall_min_mm': 1.5, 'wall_p5_mm': 3.0, 'wall_p50_mm': 3.0, 'solid_vol_cm3': np.float64(284.1), 'hollow_vol_cm3': np.float64(86.5)}
  tibia: {'scale_src': 'B', 'stoneR_mm': 53.1, 'shaft_enclosed': True, 'proud_natural_mm': 19.0, 'proud_residual_mm': 0.0, 'proud_x_span': None, 'wall_min_mm': 1.5, 'wall_p5_mm': 3.0, 'wall_p50_mm': 3.0, 'solid_vol_cm3': np.float64(504.9), 'hollow_vol_cm3': np.float64(148.2)}
--- leg 5 ---
  coxa: {'scale_src': 'A', 'stoneR_mm': 38.3, 'shaft_enclosed': False, 'proud_natural_mm': 44.4, 'proud_residual_mm': 17.8, 'proud_x_span': [0.0, 21.0], 'wall_min_mm': 1.5, 'wall_p5_mm': 2.6, 'wall_p50_mm': 3.0, 'solid_vol_cm3': np.float64(248.7), 'hollow_vol_cm3': np.float64(74.8)}
  femur: {'scale_src': 'A', 'stoneR_mm': 39.3, 'shaft_enclosed': False, 'proud_natural_mm': 24.4, 'proud_residual_mm': 3.4, 'proud_x_span': [156.0, 159.0], 'wall_min_mm': 1.5, 'wall_p5_mm': 3.0, 'wall_p50_mm': 3.0, 'solid_vol_cm3': np.float64(284.2), 'hollow_vol_cm3': np.float64(85.3)}
  tibia: {'scale_src': 'B', 'stoneR_mm': 42.2, 'shaft_enclosed': False, 'proud_natural_mm': 25.6, 'proud_residual_mm': 1.5, 'proud_x_span': [158.0, 158.0], 'wall_min_mm': 3.0, 'wall_p5_mm': 3.0, 'wall_p50_mm': 3.0, 'solid_vol_cm3': np.float64(478.3), 'hollow_vol_cm3': np.float64(134.5)}
done
